<?xml version="1.0" encoding="UTF-8"?><testsuite failures="5" name="cucumber.runtime.formatter.JUnitFormatter" skipped="0" tests="5" time="156.065503">
<testcase classname="USGBC Leed Online Project Registration" name="To verify the Leed online Login" time="22.82765">
<failure message="com.kms.katalon.core.exception.StepFailedException: Unable to check object 'Object Repository/Project_Registration/Page_LEED Online/span_End User License Agreemen' (Root cause: org.openqa.selenium.ElementNotVisibleException: element not interactable&#10;  (Session info: chrome=72.0.3626.119)&#10;  (Driver info: chromedriver=2.43.600210 (68dcf5eebde37173d4027fa8635e332711d2874a),platform=Windows NT 10.0.17134 x86_64) (WARNING: The server did not provide any stacktrace information)&#10;Command duration or timeout: 0 milliseconds&#10;Build info: version: '3.7.1', revision: '8a0099a', time: '2017-11-06T21:07:36.161Z'&#10;System info: host: 'G10PROLT025', ip: '192.168.1.13', os.name: 'Windows 10', os.arch: 'amd64', os.version: '10.0', java.version: '1.8.0_181'&#10;Driver info: com.kms.katalon.selenium.driver.CChromeDriver&#10;Capabilities {acceptInsecureCerts: false, acceptSslCerts: false, applicationCacheEnabled: false, browserConnectionEnabled: false, browserName: chrome, chrome: {chromedriverVersion: 2.43.600210 (68dcf5eebde371..., userDataDir: C:\WINDOWS\TEMP\scoped_dir1...}, cssSelectorsEnabled: true, databaseEnabled: false, goog:chromeOptions: {debuggerAddress: localhost:60420}, handlesAlerts: true, hasTouchScreen: false, javascriptEnabled: true, locationContextEnabled: true, mobileEmulationEnabled: false, nativeEvents: true, networkConnectionEnabled: false, pageLoadStrategy: normal, platform: XP, platformName: XP, rotatable: false, setWindowRect: true, takesHeapSnapshot: true, takesScreenshot: true, unexpectedAlertBehaviour: , unhandledPromptBehavior: , version: 72.0.3626.119, webStorageEnabled: true}&#10;Session ID: 526188d1c3078dee4a49928bb671f70a)&#13;&#10;&#9;at com.kms.katalon.core.keyword.internal.KeywordMain.stepFailed(KeywordMain.groovy:36)&#13;&#10;&#9;at com.kms.katalon.core.webui.keyword.internal.WebUIKeywordMain.stepFailed(WebUIKeywordMain.groovy:65)&#13;&#10;&#9;at com.kms.katalon.core.webui.keyword.internal.WebUIKeywordMain.runKeyword(WebUIKeywordMain.groovy:27)&#13;&#10;&#9;at com.kms.katalon.core.webui.keyword.builtin.CheckKeyword.check(CheckKeyword.groovy:88)&#13;&#10;&#9;at com.kms.katalon.core.webui.keyword.builtin.CheckKeyword.execute(CheckKeyword.groovy:67)&#13;&#10;&#9;at com.kms.katalon.core.keyword.internal.KeywordExecutor.executeKeywordForPlatform(KeywordExecutor.groovy:53)&#13;&#10;&#9;at com.kms.katalon.core.webui.keyword.WebUiBuiltInKeywords.check(WebUiBuiltInKeywords.groovy:1039)&#13;&#10;&#9;at com.kms.katalon.core.webui.keyword.WebUiBuiltInKeywords$check$4.call(Unknown Source)&#13;&#10;&#9;at org.codehaus.groovy.runtime.callsite.CallSiteArray.defaultCall(CallSiteArray.java:48)&#13;&#10;&#9;at org.codehaus.groovy.runtime.callsite.AbstractCallSite.call(AbstractCallSite.java:113)&#13;&#10;&#9;at org.codehaus.groovy.runtime.callsite.AbstractCallSite.call(AbstractCallSite.java:125)&#13;&#10;&#9;at projectdetails.User_has_to_check_accept_checkbox(Usgbc_LeedVerifyStepDef.groovy:73)&#13;&#10;&#9;at ✽.User has to check accept checkbox(F:/GitProjects/Usgbc_LeedOnline/Usgbc_LeedOnline/Include/features/Usgbc_LeedPrjtReg.feature:17)&#13;&#10;"><![CDATA[Given User has to navigate to LEED Online login page........................passed
And User has to enter username jaypeejay@hotmail.com and password initpass..passed
And User has to check accept checkbox.......................................failed
When User clicks on login button and navigate to home page..................skipped
Then User should navigate to project Details Page...........................skipped
And User clicks on Create new button to navigate to in Leeds online homepage.skipped

StackTrace:
com.kms.katalon.core.exception.StepFailedException: Unable to check object 'Object Repository/Project_Registration/Page_LEED Online/span_End User License Agreemen' (Root cause: org.openqa.selenium.ElementNotVisibleException: element not interactable
  (Session info: chrome=72.0.3626.119)
  (Driver info: chromedriver=2.43.600210 (68dcf5eebde37173d4027fa8635e332711d2874a),platform=Windows NT 10.0.17134 x86_64) (WARNING: The server did not provide any stacktrace information)
Command duration or timeout: 0 milliseconds
Build info: version: '3.7.1', revision: '8a0099a', time: '2017-11-06T21:07:36.161Z'
System info: host: 'G10PROLT025', ip: '192.168.1.13', os.name: 'Windows 10', os.arch: 'amd64', os.version: '10.0', java.version: '1.8.0_181'
Driver info: com.kms.katalon.selenium.driver.CChromeDriver
Capabilities {acceptInsecureCerts: false, acceptSslCerts: false, applicationCacheEnabled: false, browserConnectionEnabled: false, browserName: chrome, chrome: {chromedriverVersion: 2.43.600210 (68dcf5eebde371..., userDataDir: C:\WINDOWS\TEMP\scoped_dir1...}, cssSelectorsEnabled: true, databaseEnabled: false, goog:chromeOptions: {debuggerAddress: localhost:60420}, handlesAlerts: true, hasTouchScreen: false, javascriptEnabled: true, locationContextEnabled: true, mobileEmulationEnabled: false, nativeEvents: true, networkConnectionEnabled: false, pageLoadStrategy: normal, platform: XP, platformName: XP, rotatable: false, setWindowRect: true, takesHeapSnapshot: true, takesScreenshot: true, unexpectedAlertBehaviour: , unhandledPromptBehavior: , version: 72.0.3626.119, webStorageEnabled: true}
Session ID: 526188d1c3078dee4a49928bb671f70a)
	at com.kms.katalon.core.keyword.internal.KeywordMain.stepFailed(KeywordMain.groovy:36)
	at com.kms.katalon.core.webui.keyword.internal.WebUIKeywordMain.stepFailed(WebUIKeywordMain.groovy:65)
	at com.kms.katalon.core.webui.keyword.internal.WebUIKeywordMain.runKeyword(WebUIKeywordMain.groovy:27)
	at com.kms.katalon.core.webui.keyword.builtin.CheckKeyword.check(CheckKeyword.groovy:88)
	at com.kms.katalon.core.webui.keyword.builtin.CheckKeyword.execute(CheckKeyword.groovy:67)
	at com.kms.katalon.core.keyword.internal.KeywordExecutor.executeKeywordForPlatform(KeywordExecutor.groovy:53)
	at com.kms.katalon.core.webui.keyword.WebUiBuiltInKeywords.check(WebUiBuiltInKeywords.groovy:1039)
	at com.kms.katalon.core.webui.keyword.WebUiBuiltInKeywords$check$4.call(Unknown Source)
	at org.codehaus.groovy.runtime.callsite.CallSiteArray.defaultCall(CallSiteArray.java:48)
	at org.codehaus.groovy.runtime.callsite.AbstractCallSite.call(AbstractCallSite.java:113)
	at org.codehaus.groovy.runtime.callsite.AbstractCallSite.call(AbstractCallSite.java:125)
	at projectdetails.User_has_to_check_accept_checkbox(Usgbc_LeedVerifyStepDef.groovy:73)
	at ✽.User has to check accept checkbox(F:/GitProjects/Usgbc_LeedOnline/Usgbc_LeedOnline/Include/features/Usgbc_LeedPrjtReg.feature:17)
]]></failure>
</testcase>
<testcase classname="USGBC Leed Online Project Registration" name="Creating Project for Leeds Online" time="31.726689">
<failure message="com.kms.katalon.core.exception.StepFailedException: Unable to set text 'BDDAuto001' of object 'Object Repository/Project_Registration/Detail/Page_LEED Online/input_Name_name' (Root cause: com.kms.katalon.core.webui.exception.WebElementNotFoundException: Web element with id: 'Object Repository/Project_Registration/Detail/Page_LEED Online/input_Name_name' located by 'By.xpath: //input[@name='name']' not found)&#13;&#10;&#9;at com.kms.katalon.core.keyword.internal.KeywordMain.stepFailed(KeywordMain.groovy:36)&#13;&#10;&#9;at com.kms.katalon.core.webui.keyword.internal.WebUIKeywordMain.stepFailed(WebUIKeywordMain.groovy:65)&#13;&#10;&#9;at com.kms.katalon.core.webui.keyword.internal.WebUIKeywordMain.runKeyword(WebUIKeywordMain.groovy:27)&#13;&#10;&#9;at com.kms.katalon.core.webui.keyword.builtin.SetTextKeyword.setText(SetTextKeyword.groovy:65)&#13;&#10;&#9;at com.kms.katalon.core.webui.keyword.builtin.SetTextKeyword.execute(SetTextKeyword.groovy:37)&#13;&#10;&#9;at com.kms.katalon.core.keyword.internal.KeywordExecutor.executeKeywordForPlatform(KeywordExecutor.groovy:53)&#13;&#10;&#9;at com.kms.katalon.core.webui.keyword.WebUiBuiltInKeywords.setText(WebUiBuiltInKeywords.groovy:950)&#13;&#10;&#9;at com.kms.katalon.core.webui.keyword.WebUiBuiltInKeywords$setText$2.call(Unknown Source)&#13;&#10;&#9;at org.codehaus.groovy.runtime.callsite.CallSiteArray.defaultCall(CallSiteArray.java:48)&#13;&#10;&#9;at org.codehaus.groovy.runtime.callsite.AbstractCallSite.call(AbstractCallSite.java:113)&#13;&#10;&#9;at org.codehaus.groovy.runtime.callsite.AbstractCallSite.call(AbstractCallSite.java:133)&#13;&#10;&#9;at leedOnline.Usgbc_LeedPrjtRegStepDef.User_has_to_fill_all_the_entries_in_project_details_page_such_as_Name(Usgbc_LeedPrjtRegStepDef.groovy:76)&#13;&#10;&#9;at ✽.User has to fill all the entries in project details page such as Name BDDAuto001(F:/GitProjects/Usgbc_LeedOnline/Usgbc_LeedOnline/Include/features/Usgbc_LeedPrjtReg.feature:33)&#13;&#10;"><![CDATA[Given User should be in Leeds online homepage...............................passed
And User has to fill all the entries in project details page such as Name BDDAuto001.failed
And User should select Group Certification project,Rating Systems,Unit Type.skipped
And User should select start date...........................................skipped
And User should select end date.............................................skipped
And User should click and select Anticipated type...........................skipped
And User should enter Gross floor area 1000,Owner J & S Real Assets, LLC,Owners Representative Jancy Rani.skipped
And User has to select OwnerType,Owner Country..............................skipped
And User should enter the email address gokulthiru22@gmail.com..............skipped
And User has to select the Project Options..................................skipped
And User has to select the Project Options of previously certified..........skipped
And User can enter the ProjectID 1000159688.................................skipped
And User enters address1 9338 Carpenter St. and address2 9338 Carpenter St..skipped
And User has to enter city Waukesha.........................................skipped
And User has to select Country and state....................................skipped
And User has to enter postal code 46526.....................................skipped
And User has to enter geo location of latitude 41.582272 and longitude -85.834438.skipped
When User clicks on Continue Button.........................................skipped
Then Successfully entered the details page and user should navigate to Agreement page.skipped

StackTrace:
com.kms.katalon.core.exception.StepFailedException: Unable to set text 'BDDAuto001' of object 'Object Repository/Project_Registration/Detail/Page_LEED Online/input_Name_name' (Root cause: com.kms.katalon.core.webui.exception.WebElementNotFoundException: Web element with id: 'Object Repository/Project_Registration/Detail/Page_LEED Online/input_Name_name' located by 'By.xpath: //input[@name='name']' not found)
	at com.kms.katalon.core.keyword.internal.KeywordMain.stepFailed(KeywordMain.groovy:36)
	at com.kms.katalon.core.webui.keyword.internal.WebUIKeywordMain.stepFailed(WebUIKeywordMain.groovy:65)
	at com.kms.katalon.core.webui.keyword.internal.WebUIKeywordMain.runKeyword(WebUIKeywordMain.groovy:27)
	at com.kms.katalon.core.webui.keyword.builtin.SetTextKeyword.setText(SetTextKeyword.groovy:65)
	at com.kms.katalon.core.webui.keyword.builtin.SetTextKeyword.execute(SetTextKeyword.groovy:37)
	at com.kms.katalon.core.keyword.internal.KeywordExecutor.executeKeywordForPlatform(KeywordExecutor.groovy:53)
	at com.kms.katalon.core.webui.keyword.WebUiBuiltInKeywords.setText(WebUiBuiltInKeywords.groovy:950)
	at com.kms.katalon.core.webui.keyword.WebUiBuiltInKeywords$setText$2.call(Unknown Source)
	at org.codehaus.groovy.runtime.callsite.CallSiteArray.defaultCall(CallSiteArray.java:48)
	at org.codehaus.groovy.runtime.callsite.AbstractCallSite.call(AbstractCallSite.java:113)
	at org.codehaus.groovy.runtime.callsite.AbstractCallSite.call(AbstractCallSite.java:133)
	at leedOnline.Usgbc_LeedPrjtRegStepDef.User_has_to_fill_all_the_entries_in_project_details_page_such_as_Name(Usgbc_LeedPrjtRegStepDef.groovy:76)
	at ✽.User has to fill all the entries in project details page such as Name BDDAuto001(F:/GitProjects/Usgbc_LeedOnline/Usgbc_LeedOnline/Include/features/Usgbc_LeedPrjtReg.feature:33)
]]></failure>
</testcase>
<testcase classname="USGBC Leed Online Project Registration" name="To Verify LEED certification agreement" time="37.004252">
<failure message="com.kms.katalon.core.exception.StepFailedException: Unable to send keys '' to object 'Object Repository/Project_Registration/agrrement verifi/Page_LEED Online/iframe' (Root cause: com.kms.katalon.core.webui.exception.WebElementNotFoundException: Web element with id: 'Object Repository/Project_Registration/agrrement verifi/Page_LEED Online/iframe' located by 'By.xpath: //div[@id='project-registration']/div/div[2]/iframe' not found)&#13;&#10;&#9;at com.kms.katalon.core.keyword.internal.KeywordMain.stepFailed(KeywordMain.groovy:36)&#13;&#10;&#9;at com.kms.katalon.core.webui.keyword.internal.WebUIKeywordMain.stepFailed(WebUIKeywordMain.groovy:65)&#13;&#10;&#9;at com.kms.katalon.core.webui.keyword.internal.WebUIKeywordMain.runKeyword(WebUIKeywordMain.groovy:27)&#13;&#10;&#9;at com.kms.katalon.core.webui.keyword.builtin.SendKeysKeyword.sendKeys(SendKeysKeyword.groovy:60)&#13;&#10;&#9;at com.kms.katalon.core.webui.keyword.builtin.SendKeysKeyword.execute(SendKeysKeyword.groovy:38)&#13;&#10;&#9;at com.kms.katalon.core.keyword.internal.KeywordExecutor.executeKeywordForPlatform(KeywordExecutor.groovy:53)&#13;&#10;&#9;at com.kms.katalon.core.webui.keyword.WebUiBuiltInKeywords.sendKeys(WebUiBuiltInKeywords.groovy:834)&#13;&#10;&#9;at com.kms.katalon.core.webui.keyword.WebUiBuiltInKeywords$sendKeys$5.call(Unknown Source)&#13;&#10;&#9;at org.codehaus.groovy.runtime.callsite.CallSiteArray.defaultCall(CallSiteArray.java:48)&#13;&#10;&#9;at org.codehaus.groovy.runtime.callsite.AbstractCallSite.call(AbstractCallSite.java:113)&#13;&#10;&#9;at org.codehaus.groovy.runtime.callsite.AbstractCallSite.call(AbstractCallSite.java:133)&#13;&#10;&#9;at leedOnline.Usgbc_LeedPrjtRegStepDef.User_should_find_all_the_29_list_of_points(Usgbc_LeedPrjtRegStepDef.groovy:182)&#13;&#10;&#9;at ✽.User should find all the 29 list of points(F:/GitProjects/Usgbc_LeedOnline/Usgbc_LeedOnline/Include/features/Usgbc_LeedPrjtReg.feature:66)&#13;&#10;"><![CDATA[Given User has to find LEED certification agreement.........................passed
And User should find all the 29 list of points..............................failed
When User wants to agree then user should click on I AGREE button...........skipped
Then User successfully registered project and user should navigate to payment page.skipped

StackTrace:
com.kms.katalon.core.exception.StepFailedException: Unable to send keys '' to object 'Object Repository/Project_Registration/agrrement verifi/Page_LEED Online/iframe' (Root cause: com.kms.katalon.core.webui.exception.WebElementNotFoundException: Web element with id: 'Object Repository/Project_Registration/agrrement verifi/Page_LEED Online/iframe' located by 'By.xpath: //div[@id='project-registration']/div/div[2]/iframe' not found)
	at com.kms.katalon.core.keyword.internal.KeywordMain.stepFailed(KeywordMain.groovy:36)
	at com.kms.katalon.core.webui.keyword.internal.WebUIKeywordMain.stepFailed(WebUIKeywordMain.groovy:65)
	at com.kms.katalon.core.webui.keyword.internal.WebUIKeywordMain.runKeyword(WebUIKeywordMain.groovy:27)
	at com.kms.katalon.core.webui.keyword.builtin.SendKeysKeyword.sendKeys(SendKeysKeyword.groovy:60)
	at com.kms.katalon.core.webui.keyword.builtin.SendKeysKeyword.execute(SendKeysKeyword.groovy:38)
	at com.kms.katalon.core.keyword.internal.KeywordExecutor.executeKeywordForPlatform(KeywordExecutor.groovy:53)
	at com.kms.katalon.core.webui.keyword.WebUiBuiltInKeywords.sendKeys(WebUiBuiltInKeywords.groovy:834)
	at com.kms.katalon.core.webui.keyword.WebUiBuiltInKeywords$sendKeys$5.call(Unknown Source)
	at org.codehaus.groovy.runtime.callsite.CallSiteArray.defaultCall(CallSiteArray.java:48)
	at org.codehaus.groovy.runtime.callsite.AbstractCallSite.call(AbstractCallSite.java:113)
	at org.codehaus.groovy.runtime.callsite.AbstractCallSite.call(AbstractCallSite.java:133)
	at leedOnline.Usgbc_LeedPrjtRegStepDef.User_should_find_all_the_29_list_of_points(Usgbc_LeedPrjtRegStepDef.groovy:182)
	at ✽.User should find all the 29 list of points(F:/GitProjects/Usgbc_LeedOnline/Usgbc_LeedOnline/Include/features/Usgbc_LeedPrjtReg.feature:66)
]]></failure>
</testcase>
<testcase classname="USGBC Leed Online Project Registration" name="To verify USGBC LEED online payment for card" time="32.243718">
<failure message="com.kms.katalon.core.exception.StepFailedException: Unable to verify object 'Object Repository/Project_Registration/payment page/Page_LEED Online/input_Payment type_payment_typ' is visible (Root cause: com.kms.katalon.core.exception.StepFailedException: Web element with id: 'Object Repository/Project_Registration/payment page/Page_LEED Online/input_Payment type_payment_typ' located by 'By.xpath: //input[@id='rbl_card']' not found)&#13;&#10;&#9;at com.kms.katalon.core.keyword.internal.KeywordMain.stepFailed(KeywordMain.groovy:36)&#13;&#10;&#9;at com.kms.katalon.core.webui.keyword.internal.WebUIKeywordMain.stepFailed(WebUIKeywordMain.groovy:65)&#13;&#10;&#9;at com.kms.katalon.core.webui.keyword.internal.WebUIKeywordMain.runKeyword(WebUIKeywordMain.groovy:27)&#13;&#10;&#9;at com.kms.katalon.core.webui.keyword.builtin.VerifyElementVisibleKeyword.verifyElementVisible(VerifyElementVisibleKeyword.groovy:97)&#13;&#10;&#9;at com.kms.katalon.core.webui.keyword.builtin.VerifyElementVisibleKeyword.execute(VerifyElementVisibleKeyword.groovy:67)&#13;&#10;&#9;at com.kms.katalon.core.keyword.internal.KeywordExecutor.executeKeywordForPlatform(KeywordExecutor.groovy:53)&#13;&#10;&#9;at com.kms.katalon.core.webui.keyword.WebUiBuiltInKeywords.verifyElementVisible(WebUiBuiltInKeywords.groovy:372)&#13;&#10;&#9;at com.kms.katalon.core.webui.keyword.WebUiBuiltInKeywords$verifyElementVisible$6.call(Unknown Source)&#13;&#10;&#9;at org.codehaus.groovy.runtime.callsite.CallSiteArray.defaultCall(CallSiteArray.java:48)&#13;&#10;&#9;at org.codehaus.groovy.runtime.callsite.AbstractCallSite.call(AbstractCallSite.java:113)&#13;&#10;&#9;at org.codehaus.groovy.runtime.callsite.AbstractCallSite.call(AbstractCallSite.java:125)&#13;&#10;&#9;at leedOnline.Usgbc_LeedPrjtRegStepDef.User_has_to_see_Project_details(Usgbc_LeedPrjtRegStepDef.groovy:221)&#13;&#10;&#9;at ✽.User has to see Project details(F:/GitProjects/Usgbc_LeedOnline/Usgbc_LeedOnline/Include/features/Usgbc_LeedPrjtReg.feature:80)&#13;&#10;"><![CDATA[Given User has to see Project details.......................................failed
And User has to find payment type...........................................skipped
And User can select credit card and card type...............................skipped
And User should enter Name on card gokul t,Card number 4111111111111111,CVV 999.skipped
And User should select Expiration Month 02 and Year 2023....................skipped
And User should enter Bill to party name <Bill to party name>,Bill to party Email < Bill to party Email>.skipped
And User should enter Address1 9338 Carpenter St.,Address2 9338 Carpenter St.,City Waukesha,Country United States,State Indiana,Postal code <Postal code>.skipped
When User should click on SUBMIT PAYMENT....................................skipped
Then User successfully entered into Receipt page............................skipped

StackTrace:
com.kms.katalon.core.exception.StepFailedException: Unable to verify object 'Object Repository/Project_Registration/payment page/Page_LEED Online/input_Payment type_payment_typ' is visible (Root cause: com.kms.katalon.core.exception.StepFailedException: Web element with id: 'Object Repository/Project_Registration/payment page/Page_LEED Online/input_Payment type_payment_typ' located by 'By.xpath: //input[@id='rbl_card']' not found)
	at com.kms.katalon.core.keyword.internal.KeywordMain.stepFailed(KeywordMain.groovy:36)
	at com.kms.katalon.core.webui.keyword.internal.WebUIKeywordMain.stepFailed(WebUIKeywordMain.groovy:65)
	at com.kms.katalon.core.webui.keyword.internal.WebUIKeywordMain.runKeyword(WebUIKeywordMain.groovy:27)
	at com.kms.katalon.core.webui.keyword.builtin.VerifyElementVisibleKeyword.verifyElementVisible(VerifyElementVisibleKeyword.groovy:97)
	at com.kms.katalon.core.webui.keyword.builtin.VerifyElementVisibleKeyword.execute(VerifyElementVisibleKeyword.groovy:67)
	at com.kms.katalon.core.keyword.internal.KeywordExecutor.executeKeywordForPlatform(KeywordExecutor.groovy:53)
	at com.kms.katalon.core.webui.keyword.WebUiBuiltInKeywords.verifyElementVisible(WebUiBuiltInKeywords.groovy:372)
	at com.kms.katalon.core.webui.keyword.WebUiBuiltInKeywords$verifyElementVisible$6.call(Unknown Source)
	at org.codehaus.groovy.runtime.callsite.CallSiteArray.defaultCall(CallSiteArray.java:48)
	at org.codehaus.groovy.runtime.callsite.AbstractCallSite.call(AbstractCallSite.java:113)
	at org.codehaus.groovy.runtime.callsite.AbstractCallSite.call(AbstractCallSite.java:125)
	at leedOnline.Usgbc_LeedPrjtRegStepDef.User_has_to_see_Project_details(Usgbc_LeedPrjtRegStepDef.groovy:221)
	at ✽.User has to see Project details(F:/GitProjects/Usgbc_LeedOnline/Usgbc_LeedOnline/Include/features/Usgbc_LeedPrjtReg.feature:80)
]]></failure>
</testcase>
<testcase classname="USGBC Leed Online Project Registration" name="To verify the Receipt" time="32.263194">
<failure message="com.kms.katalon.core.exception.StepFailedException: Unable to verify object 'Object Repository/Project_Registration/Receipt/Page_LEED Online/td_v4.1 Interiors BP02' is visible (Root cause: com.kms.katalon.core.exception.StepFailedException: Web element with id: 'Object Repository/Project_Registration/Receipt/Page_LEED Online/td_v4.1 Interiors BP02' located by 'By.xpath: //div[@id='body']/div/div/div/table/tbody/tr[3]/td' not found)&#13;&#10;&#9;at com.kms.katalon.core.keyword.internal.KeywordMain.stepFailed(KeywordMain.groovy:36)&#13;&#10;&#9;at com.kms.katalon.core.webui.keyword.internal.WebUIKeywordMain.stepFailed(WebUIKeywordMain.groovy:65)&#13;&#10;&#9;at com.kms.katalon.core.webui.keyword.internal.WebUIKeywordMain.runKeyword(WebUIKeywordMain.groovy:27)&#13;&#10;&#9;at com.kms.katalon.core.webui.keyword.builtin.VerifyElementVisibleKeyword.verifyElementVisible(VerifyElementVisibleKeyword.groovy:97)&#13;&#10;&#9;at com.kms.katalon.core.webui.keyword.builtin.VerifyElementVisibleKeyword.execute(VerifyElementVisibleKeyword.groovy:67)&#13;&#10;&#9;at com.kms.katalon.core.keyword.internal.KeywordExecutor.executeKeywordForPlatform(KeywordExecutor.groovy:53)&#13;&#10;&#9;at com.kms.katalon.core.webui.keyword.WebUiBuiltInKeywords.verifyElementVisible(WebUiBuiltInKeywords.groovy:372)&#13;&#10;&#9;at com.kms.katalon.core.webui.keyword.WebUiBuiltInKeywords$verifyElementVisible$6.call(Unknown Source)&#13;&#10;&#9;at org.codehaus.groovy.runtime.callsite.CallSiteArray.defaultCall(CallSiteArray.java:48)&#13;&#10;&#9;at org.codehaus.groovy.runtime.callsite.AbstractCallSite.call(AbstractCallSite.java:113)&#13;&#10;&#9;at org.codehaus.groovy.runtime.callsite.AbstractCallSite.call(AbstractCallSite.java:125)&#13;&#10;&#9;at leedOnline.Usgbc_LeedPrjtRegStepDef.User_has_to_find_Order_Summary(Usgbc_LeedPrjtRegStepDef.groovy:328)&#13;&#10;&#9;at ✽.User has to find Order Summary(F:/GitProjects/Usgbc_LeedOnline/Usgbc_LeedOnline/Include/features/Usgbc_LeedPrjtReg.feature:131)&#13;&#10;"><![CDATA[Given User has to find Order Summary........................................failed
When User has to click on Print and DONE buttons............................skipped
Then User successfully created project......................................skipped

StackTrace:
com.kms.katalon.core.exception.StepFailedException: Unable to verify object 'Object Repository/Project_Registration/Receipt/Page_LEED Online/td_v4.1 Interiors BP02' is visible (Root cause: com.kms.katalon.core.exception.StepFailedException: Web element with id: 'Object Repository/Project_Registration/Receipt/Page_LEED Online/td_v4.1 Interiors BP02' located by 'By.xpath: //div[@id='body']/div/div/div/table/tbody/tr[3]/td' not found)
	at com.kms.katalon.core.keyword.internal.KeywordMain.stepFailed(KeywordMain.groovy:36)
	at com.kms.katalon.core.webui.keyword.internal.WebUIKeywordMain.stepFailed(WebUIKeywordMain.groovy:65)
	at com.kms.katalon.core.webui.keyword.internal.WebUIKeywordMain.runKeyword(WebUIKeywordMain.groovy:27)
	at com.kms.katalon.core.webui.keyword.builtin.VerifyElementVisibleKeyword.verifyElementVisible(VerifyElementVisibleKeyword.groovy:97)
	at com.kms.katalon.core.webui.keyword.builtin.VerifyElementVisibleKeyword.execute(VerifyElementVisibleKeyword.groovy:67)
	at com.kms.katalon.core.keyword.internal.KeywordExecutor.executeKeywordForPlatform(KeywordExecutor.groovy:53)
	at com.kms.katalon.core.webui.keyword.WebUiBuiltInKeywords.verifyElementVisible(WebUiBuiltInKeywords.groovy:372)
	at com.kms.katalon.core.webui.keyword.WebUiBuiltInKeywords$verifyElementVisible$6.call(Unknown Source)
	at org.codehaus.groovy.runtime.callsite.CallSiteArray.defaultCall(CallSiteArray.java:48)
	at org.codehaus.groovy.runtime.callsite.AbstractCallSite.call(AbstractCallSite.java:113)
	at org.codehaus.groovy.runtime.callsite.AbstractCallSite.call(AbstractCallSite.java:125)
	at leedOnline.Usgbc_LeedPrjtRegStepDef.User_has_to_find_Order_Summary(Usgbc_LeedPrjtRegStepDef.groovy:328)
	at ✽.User has to find Order Summary(F:/GitProjects/Usgbc_LeedOnline/Usgbc_LeedOnline/Include/features/Usgbc_LeedPrjtReg.feature:131)
]]></failure>
</testcase>
</testsuite>
